# JRE version: OpenJDK Runtime Environment Temurin-21.0.7+6 (21.0.7+6) (build 21.0.7+6-LTS)
# Java VM: OpenJDK 64-Bit Server VM Temurin-21.0.7+6 (21.0.7+6-LTS, mixed mode, sharing, tiered, compressed oops, compressed class ptrs, parallel gc, windows-amd64)
GC Precious Log:
 CardTable entry size: 512
 CPUs: 12 total, 12 available
 Memory: 15720M
 Large Page Support: Disabled
 NUMA Support: Disabled
 Compressed Oops: Enabled (32-bit)
 Alignments: Space 512K, Generation 512K, Heap 2M
 Heap Min Capacity: 100M
 Heap Initial Capacity: 100M
 Heap Max Capacity: 2G
 Pre-touch: Disabled
 Parallel Workers: 10
Heap:
 PSYoungGen      total 24064K, used 24038K [0x00000000d5580000, 0x00000000d7400000, 0x0000000100000000)
  eden space 20992K, 100% used [0x00000000d5580000,0x00000000d6a00000,0x00000000d6a00000)
  from space 3072K, 99% used [0x00000000d6a00000,0x00000000d6cf9a90,0x00000000d6d00000)
  to   space 5120K, 0% used [0x00000000d6f00000,0x00000000d6f00000,0x00000000d7400000)
 ParOldGen       total 68608K, used 24848K [0x0000000080000000, 0x0000000084300000, 0x00000000d5580000)
  object space 68608K, 36% used [0x0000000080000000,0x0000000081844240,0x0000000084300000)
 Metaspace       used 50513K, committed 51648K, reserved 1114112K
  class space    used 5436K, committed 5952K, reserved 1048576K
GC Heap History (20 events):
Event: 10.782 GC heap before
{Heap before GC invocations=12 (full 1):
 PSYoungGen      total 25088K, used 24694K [0x00000000d5580000, 0x00000000d7300000, 0x0000000100000000)
  eden space 23040K, 100% used [0x00000000d5580000,0x00000000d6c00000,0x00000000d6c00000)
  from space 2048K, 80% used [0x00000000d7100000,0x00000000d729dbb0,0x00000000d7300000)
  to   space 2048K, 0% used [0x00000000d6f00000,0x00000000d6f00000,0x00000000d7100000)
 ParOldGen       total 68608K, used 14633K [0x0000000080000000, 0x0000000084300000, 0x00000000d5580000)
  object space 68608K, 21% used [0x0000000080000000,0x0000000080e4a758,0x0000000084300000)
 Metaspace       used 31722K, committed 32768K, reserved 1114112K
  class space    used 3121K, committed 3584K, reserved 1048576K
}
Event: 10.784 GC heap after
{Heap after GC invocations=12 (full 1):
 PSYoungGen      total 24064K, used 1516K [0x00000000d5580000, 0x00000000d7180000, 0x0000000100000000)
  eden space 22528K, 0% used [0x00000000d5580000,0x00000000d5580000,0x00000000d6b80000)
  from space 1536K, 98% used [0x00000000d6f00000,0x00000000d707b308,0x00000000d7080000)
  to   space 1024K, 0% used [0x00000000d7080000,0x00000000d7080000,0x00000000d7180000)
 ParOldGen       total 68608K, used 16101K [0x0000000080000000, 0x0000000084300000, 0x00000000d5580000)
  object space 68608K, 23% used [0x0000000080000000,0x0000000080fb9508,0x0000000084300000)
 Metaspace       used 31722K, committed 32768K, reserved 1114112K
  class space    used 3121K, committed 3584K, reserved 1048576K
}
Event: 10.963 GC heap before
{Heap before GC invocations=13 (full 1):
 PSYoungGen      total 24064K, used 24044K [0x00000000d5580000, 0x00000000d7180000, 0x0000000100000000)
  eden space 22528K, 100% used [0x00000000d5580000,0x00000000d6b80000,0x00000000d6b80000)
  from space 1536K, 98% used [0x00000000d6f00000,0x00000000d707b308,0x00000000d7080000)
  to   space 1024K, 0% used [0x00000000d7080000,0x00000000d7080000,0x00000000d7180000)
 ParOldGen       total 68608K, used 16101K [0x0000000080000000, 0x0000000084300000, 0x00000000d5580000)
  object space 68608K, 23% used [0x0000000080000000,0x0000000080fb9508,0x0000000084300000)
 Metaspace       used 34635K, committed 35712K, reserved 1114112K
  class space    used 3492K, committed 3968K, reserved 1048576K
}
Event: 10.966 GC heap after
{Heap after GC invocations=13 (full 1):
 PSYoungGen      total 23040K, used 1022K [0x00000000d5580000, 0x00000000d7600000, 0x0000000100000000)
  eden space 22016K, 0% used [0x00000000d5580000,0x00000000d5580000,0x00000000d6b00000)
  from space 1024K, 99% used [0x00000000d7080000,0x00000000d717f8f8,0x00000000d7180000)
  to   space 5632K, 0% used [0x00000000d6b00000,0x00000000d6b00000,0x00000000d7080000)
 ParOldGen       total 68608K, used 19934K [0x0000000080000000, 0x0000000084300000, 0x00000000d5580000)
  object space 68608K, 29% used [0x0000000080000000,0x0000000081377a40,0x0000000084300000)
 Metaspace       used 34635K, committed 35712K, reserved 1114112K
  class space    used 3492K, committed 3968K, reserved 1048576K
}
Event: 10.997 GC heap before
{Heap before GC invocations=14 (full 1):
 PSYoungGen      total 23040K, used 7021K [0x00000000d5580000, 0x00000000d7600000, 0x0000000100000000)
  eden space 22016K, 27% used [0x00000000d5580000,0x00000000d5b5be10,0x00000000d6b00000)
  from space 1024K, 99% used [0x00000000d7080000,0x00000000d717f8f8,0x00000000d7180000)
  to   space 5632K, 0% used [0x00000000d6b00000,0x00000000d6b00000,0x00000000d7080000)
 ParOldGen       total 68608K, used 19934K [0x0000000080000000, 0x0000000084300000, 0x00000000d5580000)
  object space 68608K, 29% used [0x0000000080000000,0x0000000081377a40,0x0000000084300000)
 Metaspace       used 34820K, committed 35840K, reserved 1114112K
  class space    used 3520K, committed 3968K, reserved 1048576K
}
Event: 10.998 GC heap after
{Heap after GC invocations=14 (full 1):
 PSYoungGen      total 23040K, used 832K [0x00000000d5580000, 0x00000000d7100000, 0x0000000100000000)
  eden space 22016K, 0% used [0x00000000d5580000,0x00000000d5580000,0x00000000d6b00000)
  from space 1024K, 81% used [0x00000000d6b00000,0x00000000d6bd0000,0x00000000d6c00000)
  to   space 2560K, 0% used [0x00000000d6e80000,0x00000000d6e80000,0x00000000d7100000)
 ParOldGen       total 68608K, used 21117K [0x0000000080000000, 0x0000000084300000, 0x00000000d5580000)
  object space 68608K, 30% used [0x0000000080000000,0x000000008149f7a8,0x0000000084300000)
 Metaspace       used 34820K, committed 35840K, reserved 1114112K
  class space    used 3520K, committed 3968K, reserved 1048576K
}
Event: 10.998 GC heap before
{Heap before GC invocations=15 (full 2):
 PSYoungGen      total 23040K, used 832K [0x00000000d5580000, 0x00000000d7100000, 0x0000000100000000)
  eden space 22016K, 0% used [0x00000000d5580000,0x00000000d5580000,0x00000000d6b00000)
  from space 1024K, 81% used [0x00000000d6b00000,0x00000000d6bd0000,0x00000000d6c00000)
  to   space 2560K, 0% used [0x00000000d6e80000,0x00000000d6e80000,0x00000000d7100000)
 ParOldGen       total 68608K, used 21117K [0x0000000080000000, 0x0000000084300000, 0x00000000d5580000)
  object space 68608K, 30% used [0x0000000080000000,0x000000008149f7a8,0x0000000084300000)
 Metaspace       used 34820K, committed 35840K, reserved 1114112K
  class space    used 3520K, committed 3968K, reserved 1048576K
}
Event: 11.029 GC heap after
{Heap after GC invocations=15 (full 2):
 PSYoungGen      total 23040K, used 0K [0x00000000d5580000, 0x00000000d7100000, 0x0000000100000000)
  eden space 22016K, 0% used [0x00000000d5580000,0x00000000d5580000,0x00000000d6b00000)
  from space 1024K, 0% used [0x00000000d6b00000,0x00000000d6b00000,0x00000000d6c00000)
  to   space 2560K, 0% used [0x00000000d6e80000,0x00000000d6e80000,0x00000000d7100000)
 ParOldGen       total 68608K, used 19989K [0x0000000080000000, 0x0000000084300000, 0x00000000d5580000)
  object space 68608K, 29% used [0x0000000080000000,0x0000000081385608,0x0000000084300000)
 Metaspace       used 34794K, committed 35840K, reserved 1114112K
  class space    used 3513K, committed 3968K, reserved 1048576K
}
Event: 11.164 GC heap before
{Heap before GC invocations=16 (full 2):
 PSYoungGen      total 23040K, used 22016K [0x00000000d5580000, 0x00000000d7100000, 0x0000000100000000)
  eden space 22016K, 100% used [0x00000000d5580000,0x00000000d6b00000,0x00000000d6b00000)
  from space 1024K, 0% used [0x00000000d6b00000,0x00000000d6b00000,0x00000000d6c00000)
  to   space 2560K, 0% used [0x00000000d6e80000,0x00000000d6e80000,0x00000000d7100000)
 ParOldGen       total 68608K, used 19989K [0x0000000080000000, 0x0000000084300000, 0x00000000d5580000)
  object space 68608K, 29% used [0x0000000080000000,0x0000000081385608,0x0000000084300000)
 Metaspace       used 37262K, committed 38272K, reserved 1114112K
  class space    used 3815K, committed 4288K, reserved 1048576K
}
Event: 11.166 GC heap after
{Heap after GC invocations=16 (full 2):
 PSYoungGen      total 23552K, used 1152K [0x00000000d5580000, 0x00000000d7000000, 0x0000000100000000)
  eden space 22016K, 0% used [0x00000000d5580000,0x00000000d5580000,0x00000000d6b00000)
  from space 1536K, 75% used [0x00000000d6e80000,0x00000000d6fa0000,0x00000000d7000000)
  to   space 1536K, 0% used [0x00000000d6d00000,0x00000000d6d00000,0x00000000d6e80000)
 ParOldGen       total 68608K, used 19997K [0x0000000080000000, 0x0000000084300000, 0x00000000d5580000)
  object space 68608K, 29% used [0x0000000080000000,0x0000000081387608,0x0000000084300000)
 Metaspace       used 37262K, committed 38272K, reserved 1114112K
  class space    used 3815K, committed 4288K, reserved 1048576K
}
Event: 11.588 GC heap before
{Heap before GC invocations=17 (full 2):
 PSYoungGen      total 23552K, used 23168K [0x00000000d5580000, 0x00000000d7000000, 0x0000000100000000)
  eden space 22016K, 100% used [0x00000000d5580000,0x00000000d6b00000,0x00000000d6b00000)
  from space 1536K, 75% used [0x00000000d6e80000,0x00000000d6fa0000,0x00000000d7000000)
  to   space 1536K, 0% used [0x00000000d6d00000,0x00000000d6d00000,0x00000000d6e80000)
 ParOldGen       total 68608K, used 19997K [0x0000000080000000, 0x0000000084300000, 0x00000000d5580000)
  object space 68608K, 29% used [0x0000000080000000,0x0000000081387608,0x0000000084300000)
 Metaspace       used 39446K, committed 40512K, reserved 1114112K
  class space    used 4082K, committed 4608K, reserved 1048576K
}
Event: 11.589 GC heap after
{Heap after GC invocations=17 (full 2):
 PSYoungGen      total 23040K, used 920K [0x00000000d5580000, 0x00000000d6f00000, 0x0000000100000000)
  eden space 22016K, 0% used [0x00000000d5580000,0x00000000d5580000,0x00000000d6b00000)
  from space 1024K, 89% used [0x00000000d6d00000,0x00000000d6de61b8,0x00000000d6e00000)
  to   space 1024K, 0% used [0x00000000d6e00000,0x00000000d6e00000,0x00000000d6f00000)
 ParOldGen       total 68608K, used 20933K [0x0000000080000000, 0x0000000084300000, 0x00000000d5580000)
  object space 68608K, 30% used [0x0000000080000000,0x0000000081471608,0x0000000084300000)
 Metaspace       used 39446K, committed 40512K, reserved 1114112K
  class space    used 4082K, committed 4608K, reserved 1048576K
}
Event: 12.162 GC heap before
{Heap before GC invocations=18 (full 2):
 PSYoungGen      total 23040K, used 22936K [0x00000000d5580000, 0x00000000d6f00000, 0x0000000100000000)
  eden space 22016K, 100% used [0x00000000d5580000,0x00000000d6b00000,0x00000000d6b00000)
  from space 1024K, 89% used [0x00000000d6d00000,0x00000000d6de61b8,0x00000000d6e00000)
  to   space 1024K, 0% used [0x00000000d6e00000,0x00000000d6e00000,0x00000000d6f00000)
 ParOldGen       total 68608K, used 20933K [0x0000000080000000, 0x0000000084300000, 0x00000000d5580000)
  object space 68608K, 30% used [0x0000000080000000,0x0000000081471608,0x0000000084300000)
 Metaspace       used 42247K, committed 43328K, reserved 1114112K
  class space    used 4449K, committed 4928K, reserved 1048576K
}
Event: 12.164 GC heap after
{Heap after GC invocations=18 (full 2):
 PSYoungGen      total 23040K, used 1001K [0x00000000d5580000, 0x00000000d6f00000, 0x0000000100000000)
  eden space 22016K, 0% used [0x00000000d5580000,0x00000000d5580000,0x00000000d6b00000)
  from space 1024K, 97% used [0x00000000d6e00000,0x00000000d6efa460,0x00000000d6f00000)
  to   space 2048K, 0% used [0x00000000d6b00000,0x00000000d6b00000,0x00000000d6d00000)
 ParOldGen       total 68608K, used 21679K [0x0000000080000000, 0x0000000084300000, 0x00000000d5580000)
  object space 68608K, 31% used [0x0000000080000000,0x000000008152bcf0,0x0000000084300000)
 Metaspace       used 42247K, committed 43328K, reserved 1114112K
  class space    used 4449K, committed 4928K, reserved 1048576K
}
Event: 12.493 GC heap before
{Heap before GC invocations=19 (full 2):
 PSYoungGen      total 23040K, used 23017K [0x00000000d5580000, 0x00000000d6f00000, 0x0000000100000000)
  eden space 22016K, 100% used [0x00000000d5580000,0x00000000d6b00000,0x00000000d6b00000)
  from space 1024K, 97% used [0x00000000d6e00000,0x00000000d6efa460,0x00000000d6f00000)
  to   space 2048K, 0% used [0x00000000d6b00000,0x00000000d6b00000,0x00000000d6d00000)
 ParOldGen       total 68608K, used 21679K [0x0000000080000000, 0x0000000084300000, 0x00000000d5580000)
  object space 68608K, 31% used [0x0000000080000000,0x000000008152bcf0,0x0000000084300000)
 Metaspace       used 44796K, committed 45952K, reserved 1114112K
  class space    used 4766K, committed 5312K, reserved 1048576K
}
Event: 12.495 GC heap after
{Heap after GC invocations=19 (full 2):
 PSYoungGen      total 24064K, used 1200K [0x00000000d5580000, 0x00000000d6e80000, 0x0000000100000000)
  eden space 22016K, 0% used [0x00000000d5580000,0x00000000d5580000,0x00000000d6b00000)
  from space 2048K, 58% used [0x00000000d6b00000,0x00000000d6c2c010,0x00000000d6d00000)
  to   space 1536K, 0% used [0x00000000d6d00000,0x00000000d6d00000,0x00000000d6e80000)
 ParOldGen       total 68608K, used 22584K [0x0000000080000000, 0x0000000084300000, 0x00000000d5580000)
  object space 68608K, 32% used [0x0000000080000000,0x000000008160e150,0x0000000084300000)
 Metaspace       used 44796K, committed 45952K, reserved 1114112K
  class space    used 4766K, committed 5312K, reserved 1048576K
}
Event: 12.934 GC heap before
{Heap before GC invocations=20 (full 2):
 PSYoungGen      total 24064K, used 23216K [0x00000000d5580000, 0x00000000d6e80000, 0x0000000100000000)
  eden space 22016K, 100% used [0x00000000d5580000,0x00000000d6b00000,0x00000000d6b00000)
  from space 2048K, 58% used [0x00000000d6b00000,0x00000000d6c2c010,0x00000000d6d00000)
  to   space 1536K, 0% used [0x00000000d6d00000,0x00000000d6d00000,0x00000000d6e80000)
 ParOldGen       total 68608K, used 22584K [0x0000000080000000, 0x0000000084300000, 0x00000000d5580000)
  object space 68608K, 32% used [0x0000000080000000,0x000000008160e150,0x0000000084300000)
 Metaspace       used 47436K, committed 48576K, reserved 1114112K
  class space    used 5125K, committed 5632K, reserved 1048576K
}
Event: 12.936 GC heap after
{Heap after GC invocations=20 (full 2):
 PSYoungGen      total 22528K, used 1505K [0x00000000d5580000, 0x00000000d7100000, 0x0000000100000000)
  eden space 20992K, 0% used [0x00000000d5580000,0x00000000d5580000,0x00000000d6a00000)
  from space 1536K, 98% used [0x00000000d6d00000,0x00000000d6e78620,0x00000000d6e80000)
  to   space 3072K, 0% used [0x00000000d6a00000,0x00000000d6a00000,0x00000000d6d00000)
 ParOldGen       total 68608K, used 23575K [0x0000000080000000, 0x0000000084300000, 0x00000000d5580000)
  object space 68608K, 34% used [0x0000000080000000,0x0000000081705e70,0x0000000084300000)
 Metaspace       used 47436K, committed 48576K, reserved 1114112K
  class space    used 5125K, committed 5632K, reserved 1048576K
}
Event: 13.506 GC heap before
{Heap before GC invocations=21 (full 2):
 PSYoungGen      total 22528K, used 22497K [0x00000000d5580000, 0x00000000d7100000, 0x0000000100000000)
  eden space 20992K, 100% used [0x00000000d5580000,0x00000000d6a00000,0x00000000d6a00000)
  from space 1536K, 98% used [0x00000000d6d00000,0x00000000d6e78620,0x00000000d6e80000)
  to   space 3072K, 0% used [0x00000000d6a00000,0x00000000d6a00000,0x00000000d6d00000)
 ParOldGen       total 68608K, used 23575K [0x0000000080000000, 0x0000000084300000, 0x00000000d5580000)
  object space 68608K, 34% used [0x0000000080000000,0x0000000081705e70,0x0000000084300000)
 Metaspace       used 49444K, committed 50560K, reserved 1114112K
  class space    used 5333K, committed 5824K, reserved 1048576K
}
Event: 13.508 GC heap after
{Heap after GC invocations=21 (full 2):
 PSYoungGen      total 24064K, used 3046K [0x00000000d5580000, 0x00000000d7400000, 0x0000000100000000)
  eden space 20992K, 0% used [0x00000000d5580000,0x00000000d5580000,0x00000000d6a00000)
  from space 3072K, 99% used [0x00000000d6a00000,0x00000000d6cf9a90,0x00000000d6d00000)
  to   space 5120K, 0% used [0x00000000d6f00000,0x00000000d6f00000,0x00000000d7400000)
 ParOldGen       total 68608K, used 24848K [0x0000000080000000, 0x0000000084300000, 0x00000000d5580000)
  object space 68608K, 36% used [0x0000000080000000,0x0000000081844240,0x0000000084300000)
 Metaspace       used 49444K, committed 50560K, reserved 1114112K
  class space    used 5333K, committed 5824K, reserved 1048576K
}

